;  LST file generated by mikroListExporter - v.2.0 
; Date/Time: 12/27/2019 9:23:12 PM
;----------------------------------------------

;Address Opcode 	ASM
0x0000	0x29C8      	GOTO       456
_Delay_1us:
;__Lib_Delays.c,7 :: 		void Delay_1us() {
;__Lib_Delays.c,8 :: 		Delay_us(1);
0x0003	0x0000      	NOP
0x0004	0x0000      	NOP
;__Lib_Delays.c,9 :: 		}
L_end_Delay_1us:
0x0005	0x0008      	RETURN
; end of _Delay_1us
_Delay_5500us:
;__Lib_Delays.c,31 :: 		void Delay_5500us() {
;__Lib_Delays.c,32 :: 		Delay_us(5500);
0x0006	0x300F      	MOVLW      15
0x0007	0x1283      	BCF        STATUS, 5
0x0008	0x1303      	BCF        STATUS, 6
0x0009	0x00FC      	MOVWF      R12
0x000A	0x3047      	MOVLW      71
0x000B	0x00FD      	MOVWF      R13
L_Delay_5500us5:
0x000C	0x0BFD      	DECFSZ     R13, 1
0x000D	0x280C      	GOTO       L_Delay_5500us5
0x000E	0x0BFC      	DECFSZ     R12, 1
0x000F	0x280C      	GOTO       L_Delay_5500us5
0x0010	0x0000      	NOP
0x0011	0x0000      	NOP
;__Lib_Delays.c,33 :: 		}
L_end_Delay_5500us:
0x0012	0x0008      	RETURN
; end of _Delay_5500us
_Delay_50us:
;__Lib_Delays.c,19 :: 		void Delay_50us() {
;__Lib_Delays.c,20 :: 		Delay_us(50);
0x0013	0x3021      	MOVLW      33
0x0014	0x1283      	BCF        STATUS, 5
0x0015	0x1303      	BCF        STATUS, 6
0x0016	0x00FD      	MOVWF      R13
L_Delay_50us2:
0x0017	0x0BFD      	DECFSZ     R13, 1
0x0018	0x2817      	GOTO       L_Delay_50us2
;__Lib_Delays.c,21 :: 		}
L_end_Delay_50us:
0x0019	0x0008      	RETURN
; end of _Delay_50us
_Lcd_Cmd:
;__Lib_Lcd.c,18 :: 		
;__Lib_Lcd.c,20 :: 		
0x001A	0x1283      	BCF        STATUS, 5
0x001B	0x1303      	BCF        STATUS, 6
0x001C	0x1BCF      	BTFSC      FARG_Lcd_Cmd_out_char, 7
0x001D	0x2820      	GOTO       L__Lcd_Cmd21
0x001E	0x1386      	BCF        LCD_D7, BitPos(LCD_D7+0)
0x001F	0x2821      	GOTO       L__Lcd_Cmd22
L__Lcd_Cmd21:
0x0020	0x1786      	BSF        LCD_D7, BitPos(LCD_D7+0)
L__Lcd_Cmd22:
;__Lib_Lcd.c,21 :: 		
0x0021	0x1B4F      	BTFSC      FARG_Lcd_Cmd_out_char, 6
0x0022	0x2825      	GOTO       L__Lcd_Cmd23
0x0023	0x1306      	BCF        LCD_D6, BitPos(LCD_D6+0)
0x0024	0x2826      	GOTO       L__Lcd_Cmd24
L__Lcd_Cmd23:
0x0025	0x1706      	BSF        LCD_D6, BitPos(LCD_D6+0)
L__Lcd_Cmd24:
;__Lib_Lcd.c,22 :: 		
0x0026	0x1ACF      	BTFSC      FARG_Lcd_Cmd_out_char, 5
0x0027	0x282A      	GOTO       L__Lcd_Cmd25
0x0028	0x1286      	BCF        LCD_D5, BitPos(LCD_D5+0)
0x0029	0x282B      	GOTO       L__Lcd_Cmd26
L__Lcd_Cmd25:
0x002A	0x1686      	BSF        LCD_D5, BitPos(LCD_D5+0)
L__Lcd_Cmd26:
;__Lib_Lcd.c,23 :: 		
0x002B	0x1A4F      	BTFSC      FARG_Lcd_Cmd_out_char, 4
0x002C	0x282F      	GOTO       L__Lcd_Cmd27
0x002D	0x1206      	BCF        LCD_D4, BitPos(LCD_D4+0)
0x002E	0x2830      	GOTO       L__Lcd_Cmd28
L__Lcd_Cmd27:
0x002F	0x1606      	BSF        LCD_D4, BitPos(LCD_D4+0)
L__Lcd_Cmd28:
;__Lib_Lcd.c,25 :: 		
0x0030	0x1844      	BTFSC      __Lib_Lcd_cmd_status, BitPos(__Lib_Lcd_cmd_status+0)
0x0031	0x2834      	GOTO       L__Lcd_Cmd29
0x0032	0x1406      	BSF        LCD_RS, BitPos(LCD_RS+0)
0x0033	0x2835      	GOTO       L__Lcd_Cmd30
L__Lcd_Cmd29:
0x0034	0x1006      	BCF        LCD_RS, BitPos(LCD_RS+0)
L__Lcd_Cmd30:
;__Lib_Lcd.c,28 :: 		
0x0035	0x1486      	BSF        LCD_EN, BitPos(LCD_EN+0)
;__Lib_Lcd.c,29 :: 		
0x0036	0x2003      	CALL       _Delay_1us
;__Lib_Lcd.c,30 :: 		
0x0037	0x1086      	BCF        LCD_EN, BitPos(LCD_EN+0)
;__Lib_Lcd.c,33 :: 		
0x0038	0x19CF      	BTFSC      FARG_Lcd_Cmd_out_char, 3
0x0039	0x283C      	GOTO       L__Lcd_Cmd31
0x003A	0x1386      	BCF        LCD_D7, BitPos(LCD_D7+0)
0x003B	0x283D      	GOTO       L__Lcd_Cmd32
L__Lcd_Cmd31:
0x003C	0x1786      	BSF        LCD_D7, BitPos(LCD_D7+0)
L__Lcd_Cmd32:
;__Lib_Lcd.c,34 :: 		
0x003D	0x194F      	BTFSC      FARG_Lcd_Cmd_out_char, 2
0x003E	0x2841      	GOTO       L__Lcd_Cmd33
0x003F	0x1306      	BCF        LCD_D6, BitPos(LCD_D6+0)
0x0040	0x2842      	GOTO       L__Lcd_Cmd34
L__Lcd_Cmd33:
0x0041	0x1706      	BSF        LCD_D6, BitPos(LCD_D6+0)
L__Lcd_Cmd34:
;__Lib_Lcd.c,35 :: 		
0x0042	0x18CF      	BTFSC      FARG_Lcd_Cmd_out_char, 1
0x0043	0x2846      	GOTO       L__Lcd_Cmd35
0x0044	0x1286      	BCF        LCD_D5, BitPos(LCD_D5+0)
0x0045	0x2847      	GOTO       L__Lcd_Cmd36
L__Lcd_Cmd35:
0x0046	0x1686      	BSF        LCD_D5, BitPos(LCD_D5+0)
L__Lcd_Cmd36:
;__Lib_Lcd.c,36 :: 		
0x0047	0x184F      	BTFSC      FARG_Lcd_Cmd_out_char, 0
0x0048	0x284B      	GOTO       L__Lcd_Cmd37
0x0049	0x1206      	BCF        LCD_D4, BitPos(LCD_D4+0)
0x004A	0x284C      	GOTO       L__Lcd_Cmd38
L__Lcd_Cmd37:
0x004B	0x1606      	BSF        LCD_D4, BitPos(LCD_D4+0)
L__Lcd_Cmd38:
;__Lib_Lcd.c,38 :: 		
0x004C	0x1844      	BTFSC      __Lib_Lcd_cmd_status, BitPos(__Lib_Lcd_cmd_status+0)
0x004D	0x2850      	GOTO       L__Lcd_Cmd39
0x004E	0x1406      	BSF        LCD_RS, BitPos(LCD_RS+0)
0x004F	0x2851      	GOTO       L__Lcd_Cmd40
L__Lcd_Cmd39:
0x0050	0x1006      	BCF        LCD_RS, BitPos(LCD_RS+0)
L__Lcd_Cmd40:
;__Lib_Lcd.c,40 :: 		
0x0051	0x1486      	BSF        LCD_EN, BitPos(LCD_EN+0)
;__Lib_Lcd.c,41 :: 		
0x0052	0x2003      	CALL       _Delay_1us
;__Lib_Lcd.c,42 :: 		
0x0053	0x1086      	BCF        LCD_EN, BitPos(LCD_EN+0)
;__Lib_Lcd.c,44 :: 		
0x0054	0x1C44      	BTFSS      __Lib_Lcd_cmd_status, BitPos(__Lib_Lcd_cmd_status+0)
0x0055	0x2858      	GOTO       L_Lcd_Cmd0
;__Lib_Lcd.c,45 :: 		
0x0056	0x2006      	CALL       _Delay_5500us
0x0057	0x2859      	GOTO       L_Lcd_Cmd1
L_Lcd_Cmd0:
;__Lib_Lcd.c,47 :: 		
0x0058	0x2013      	CALL       _Delay_50us
L_Lcd_Cmd1:
;__Lib_Lcd.c,48 :: 		
L_end_Lcd_Cmd:
0x0059	0x0008      	RETURN
; end of _Lcd_Cmd
_____DoICP:
;__Lib_System.c,6 :: 		
;__Lib_System.c,9 :: 		
0x005A	0x1283      	BCF        STATUS, 5
0x005B	0x1303      	BCF        STATUS, 6
0x005C	0x0841      	MOVF       ___DoICPAddr+1, 0
0x005D	0x008A      	MOVWF      PCLATH
;__Lib_System.c,10 :: 		
0x005E	0x0840      	MOVF       ___DoICPAddr, 0
0x005F	0x0082      	MOVWF      PCL
;__Lib_System.c,12 :: 		
L_end_____DoICP:
0x0060	0x0008      	RETURN
; end of _____DoICP
_Lcd_Chr_CP:
;__Lib_Lcd.c,50 :: 		
;__Lib_Lcd.c,52 :: 		
0x0061	0x1283      	BCF        STATUS, 5
0x0062	0x1303      	BCF        STATUS, 6
0x0063	0x1044      	BCF        __Lib_Lcd_cmd_status, BitPos(__Lib_Lcd_cmd_status+0)
;__Lib_Lcd.c,53 :: 		
0x0064	0x084E      	MOVF       FARG_Lcd_Chr_CP_out_char, 0
0x0065	0x00CF      	MOVWF      FARG_Lcd_Cmd_out_char
0x0066	0x201A      	CALL       _Lcd_Cmd
;__Lib_Lcd.c,54 :: 		
0x0067	0x1444      	BSF        __Lib_Lcd_cmd_status, BitPos(__Lib_Lcd_cmd_status+0)
;__Lib_Lcd.c,55 :: 		
L_end_Lcd_Chr_CP:
0x0068	0x0008      	RETURN
; end of _Lcd_Chr_CP
_Div_8X8_U:
;__Lib_Math.c,189 :: 		
;__Lib_Math.c,196 :: 		
0x0069	0x1283      	BCF        STATUS, 5
;__Lib_Math.c,197 :: 		
0x006A	0x1303      	BCF        STATUS, 6
;__Lib_Math.c,198 :: 		
0x006B	0x01F8      	CLRF       R8
;__Lib_Math.c,199 :: 		
0x006C	0x3008      	MOVLW      8
;__Lib_Math.c,200 :: 		
0x006D	0x00FC      	MOVWF      R12
;__Lib_Math.c,201 :: 		
0x006E	0x0D70      	RLF        R0, 0
;__Lib_Math.c,202 :: 		
0x006F	0x0DF8      	RLF        R8, 1
;__Lib_Math.c,203 :: 		
0x0070	0x0874      	MOVF       R4, 0
;__Lib_Math.c,204 :: 		
0x0071	0x02F8      	SUBWF      R8, 1
;__Lib_Math.c,205 :: 		
0x0072	0x1803      	BTFSC      STATUS, 0
;__Lib_Math.c,206 :: 		
0x0073	0x2876      	GOTO       $+3
;__Lib_Math.c,207 :: 		
0x0074	0x07F8      	ADDWF      R8, 1
;__Lib_Math.c,208 :: 		
0x0075	0x1003      	BCF        STATUS, 0
;__Lib_Math.c,209 :: 		
0x0076	0x0DF0      	RLF        R0, 1
;__Lib_Math.c,210 :: 		
0x0077	0x0BFC      	DECFSZ     R12, 1
;__Lib_Math.c,211 :: 		
0x0078	0x286E      	GOTO       $-10
;__Lib_Math.c,213 :: 		
L_end_Div_8X8_U:
0x0079	0x0008      	RETURN
; end of _Div_8X8_U
_CheckResponse:
;Final_Project.c,36 :: 		void CheckResponse()
;Final_Project.c,38 :: 		Check = 0;
0x007A	0x1283      	BCF        STATUS, 5
0x007B	0x1303      	BCF        STATUS, 6
0x007C	0x01BD      	CLRF       _Check
;Final_Project.c,39 :: 		delay_us(40);
0x007D	0x301A      	MOVLW      26
0x007E	0x00FD      	MOVWF      R13
L_CheckResponse2:
0x007F	0x0BFD      	DECFSZ     R13, 1
0x0080	0x287F      	GOTO       L_CheckResponse2
0x0081	0x0000      	NOP
;Final_Project.c,40 :: 		if(DataDHT == 0)
0x0082	0x1A85      	BTFSC      PORTA, 5
0x0083	0x2891      	GOTO       L_CheckResponse3
;Final_Project.c,42 :: 		delay_us(80);
0x0084	0x3035      	MOVLW      53
0x0085	0x00FD      	MOVWF      R13
L_CheckResponse4:
0x0086	0x0BFD      	DECFSZ     R13, 1
0x0087	0x2886      	GOTO       L_CheckResponse4
;Final_Project.c,43 :: 		if (DataDHT == 1)
0x0088	0x1E85      	BTFSS      PORTA, 5
0x0089	0x288C      	GOTO       L_CheckResponse5
;Final_Project.c,44 :: 		Check = 1;
0x008A	0x3001      	MOVLW      1
0x008B	0x00BD      	MOVWF      _Check
L_CheckResponse5:
;Final_Project.c,45 :: 		delay_us(40);
0x008C	0x301A      	MOVLW      26
0x008D	0x00FD      	MOVWF      R13
L_CheckResponse6:
0x008E	0x0BFD      	DECFSZ     R13, 1
0x008F	0x288E      	GOTO       L_CheckResponse6
0x0090	0x0000      	NOP
;Final_Project.c,46 :: 		}
L_CheckResponse3:
;Final_Project.c,47 :: 		}
L_end_CheckResponse:
0x0091	0x0008      	RETURN
; end of _CheckResponse
_Lcd_Chr:
;__Lib_Lcd.c,65 :: 		
;__Lib_Lcd.c,66 :: 		
0x0092	0x28A4      	GOTO       L_Lcd_Chr4
;__Lib_Lcd.c,67 :: 		
L_Lcd_Chr6:
0x0093	0x3080      	MOVLW      128
0x0094	0x1283      	BCF        STATUS, 5
0x0095	0x1303      	BCF        STATUS, 6
0x0096	0x00CA      	MOVWF      FARG_Lcd_Chr_row
0x0097	0x28B7      	GOTO       L_Lcd_Chr5
;__Lib_Lcd.c,68 :: 		
L_Lcd_Chr7:
0x0098	0x30C0      	MOVLW      192
0x0099	0x00CA      	MOVWF      FARG_Lcd_Chr_row
0x009A	0x28B7      	GOTO       L_Lcd_Chr5
;__Lib_Lcd.c,69 :: 		
L_Lcd_Chr8:
0x009B	0x3094      	MOVLW      148
0x009C	0x00CA      	MOVWF      FARG_Lcd_Chr_row
0x009D	0x28B7      	GOTO       L_Lcd_Chr5
;__Lib_Lcd.c,70 :: 		
L_Lcd_Chr9:
0x009E	0x30D4      	MOVLW      212
0x009F	0x00CA      	MOVWF      FARG_Lcd_Chr_row
0x00A0	0x28B7      	GOTO       L_Lcd_Chr5
;__Lib_Lcd.c,71 :: 		
L_Lcd_Chr10:
0x00A1	0x3080      	MOVLW      128
0x00A2	0x00CA      	MOVWF      FARG_Lcd_Chr_row
;__Lib_Lcd.c,72 :: 		
0x00A3	0x28B7      	GOTO       L_Lcd_Chr5
L_Lcd_Chr4:
0x00A4	0x1283      	BCF        STATUS, 5
0x00A5	0x1303      	BCF        STATUS, 6
0x00A6	0x084A      	MOVF       FARG_Lcd_Chr_row, 0
0x00A7	0x3A01      	XORLW      1
0x00A8	0x1903      	BTFSC      STATUS, 2
0x00A9	0x2893      	GOTO       L_Lcd_Chr6
0x00AA	0x084A      	MOVF       FARG_Lcd_Chr_row, 0
0x00AB	0x3A02      	XORLW      2
0x00AC	0x1903      	BTFSC      STATUS, 2
0x00AD	0x2898      	GOTO       L_Lcd_Chr7
0x00AE	0x084A      	MOVF       FARG_Lcd_Chr_row, 0
0x00AF	0x3A03      	XORLW      3
0x00B0	0x1903      	BTFSC      STATUS, 2
0x00B1	0x289B      	GOTO       L_Lcd_Chr8
0x00B2	0x084A      	MOVF       FARG_Lcd_Chr_row, 0
0x00B3	0x3A04      	XORLW      4
0x00B4	0x1903      	BTFSC      STATUS, 2
0x00B5	0x289E      	GOTO       L_Lcd_Chr9
0x00B6	0x28A1      	GOTO       L_Lcd_Chr10
L_Lcd_Chr5:
;__Lib_Lcd.c,74 :: 		
0x00B7	0x034B      	DECF       FARG_Lcd_Chr_column, 0
0x00B8	0x00F0      	MOVWF      R0
0x00B9	0x084A      	MOVF       FARG_Lcd_Chr_row, 0
0x00BA	0x07F0      	ADDWF      R0, 1
0x00BB	0x0870      	MOVF       R0, 0
0x00BC	0x00CA      	MOVWF      FARG_Lcd_Chr_row
;__Lib_Lcd.c,76 :: 		
0x00BD	0x1444      	BSF        __Lib_Lcd_cmd_status, BitPos(__Lib_Lcd_cmd_status+0)
;__Lib_Lcd.c,77 :: 		
0x00BE	0x0870      	MOVF       R0, 0
0x00BF	0x00CF      	MOVWF      FARG_Lcd_Cmd_out_char
0x00C0	0x201A      	CALL       _Lcd_Cmd
;__Lib_Lcd.c,79 :: 		
0x00C1	0x1044      	BCF        __Lib_Lcd_cmd_status, BitPos(__Lib_Lcd_cmd_status+0)
;__Lib_Lcd.c,80 :: 		
0x00C2	0x084C      	MOVF       FARG_Lcd_Chr_out_char, 0
0x00C3	0x00CF      	MOVWF      FARG_Lcd_Cmd_out_char
0x00C4	0x201A      	CALL       _Lcd_Cmd
;__Lib_Lcd.c,81 :: 		
0x00C5	0x1444      	BSF        __Lib_Lcd_cmd_status, BitPos(__Lib_Lcd_cmd_status+0)
;__Lib_Lcd.c,82 :: 		
L_end_Lcd_Chr:
0x00C6	0x0008      	RETURN
; end of _Lcd_Chr
_ReadData:
;Final_Project.c,49 :: 		char ReadData()
;Final_Project.c,52 :: 		for(j = 0; j < 8; j++)
0x00C7	0x1283      	BCF        STATUS, 5
0x00C8	0x1303      	BCF        STATUS, 6
0x00C9	0x01F3      	CLRF       R3
L_ReadData7:
0x00CA	0x3008      	MOVLW      8
0x00CB	0x0273      	SUBWF      R3, 0
0x00CC	0x1803      	BTFSC      STATUS, 0
0x00CD	0x2900      	GOTO       L_ReadData8
;Final_Project.c,54 :: 		while(!DataDHT);
L_ReadData10:
0x00CE	0x1A85      	BTFSC      PORTA, 5
0x00CF	0x28D1      	GOTO       L_ReadData11
0x00D0	0x28CE      	GOTO       L_ReadData10
L_ReadData11:
;Final_Project.c,55 :: 		delay_us(30);
0x00D1	0x3013      	MOVLW      19
0x00D2	0x00FD      	MOVWF      R13
L_ReadData12:
0x00D3	0x0BFD      	DECFSZ     R13, 1
0x00D4	0x28D3      	GOTO       L_ReadData12
0x00D5	0x0000      	NOP
0x00D6	0x0000      	NOP
;Final_Project.c,56 :: 		if(DataDHT == 0)
0x00D7	0x1A85      	BTFSC      PORTA, 5
0x00D8	0x28EB      	GOTO       L_ReadData13
;Final_Project.c,57 :: 		i&= ~(1<<(7 - j));
0x00D9	0x0873      	MOVF       R3, 0
0x00DA	0x3C07      	SUBLW      7
0x00DB	0x00F0      	MOVWF      R0
0x00DC	0x0870      	MOVF       R0, 0
0x00DD	0x00F1      	MOVWF      R1
0x00DE	0x3001      	MOVLW      1
0x00DF	0x00F0      	MOVWF      R0
0x00E0	0x0871      	MOVF       R1, 0
L__ReadData26:
0x00E1	0x1903      	BTFSC      STATUS, 2
0x00E2	0x28E7      	GOTO       L__ReadData27
0x00E3	0x0DF0      	RLF        R0, 1
0x00E4	0x1070      	BCF        R0, 0
0x00E5	0x3EFF      	ADDLW      255
0x00E6	0x28E1      	GOTO       L__ReadData26
L__ReadData27:
0x00E7	0x09F0      	COMF       R0, 1
0x00E8	0x0870      	MOVF       R0, 0
0x00E9	0x05F2      	ANDWF      R2, 1
0x00EA	0x28FE      	GOTO       L_ReadData14
L_ReadData13:
;Final_Project.c,60 :: 		i|= (1 << (7 - j));
0x00EB	0x0873      	MOVF       R3, 0
0x00EC	0x3C07      	SUBLW      7
0x00ED	0x00F0      	MOVWF      R0
0x00EE	0x0870      	MOVF       R0, 0
0x00EF	0x00F1      	MOVWF      R1
0x00F0	0x3001      	MOVLW      1
0x00F1	0x00F0      	MOVWF      R0
0x00F2	0x0871      	MOVF       R1, 0
L__ReadData28:
0x00F3	0x1903      	BTFSC      STATUS, 2
0x00F4	0x28F9      	GOTO       L__ReadData29
0x00F5	0x0DF0      	RLF        R0, 1
0x00F6	0x1070      	BCF        R0, 0
0x00F7	0x3EFF      	ADDLW      255
0x00F8	0x28F3      	GOTO       L__ReadData28
L__ReadData29:
0x00F9	0x0870      	MOVF       R0, 0
0x00FA	0x04F2      	IORWF      R2, 1
;Final_Project.c,61 :: 		while(DataDHT);
L_ReadData15:
0x00FB	0x1E85      	BTFSS      PORTA, 5
0x00FC	0x28FE      	GOTO       L_ReadData16
0x00FD	0x28FB      	GOTO       L_ReadData15
L_ReadData16:
;Final_Project.c,62 :: 		}
L_ReadData14:
;Final_Project.c,52 :: 		for(j = 0; j < 8; j++)
0x00FE	0x0AF3      	INCF       R3, 1
;Final_Project.c,63 :: 		}
0x00FF	0x28CA      	GOTO       L_ReadData7
L_ReadData8:
;Final_Project.c,64 :: 		return i;
0x0100	0x0872      	MOVF       R2, 0
0x0101	0x00F0      	MOVWF      R0
;Final_Project.c,65 :: 		}
L_end_ReadData:
0x0102	0x0008      	RETURN
; end of _ReadData
___CC2DW:
;__Lib_System.c,134 :: 		
;__Lib_System.c,137 :: 		
_CC2D_Loop1:
;__Lib_System.c,139 :: 		
0x0103	0x205A      	CALL       _____DoICP
0x0104	0x118A      	BCF        PCLATH, 3
0x0105	0x120A      	BCF        PCLATH, 4
;__Lib_System.c,141 :: 		
0x0106	0x0080      	MOVWF      INDF
;__Lib_System.c,142 :: 		
0x0107	0x0A84      	INCF       FSR, 1
;__Lib_System.c,143 :: 		
0x0108	0x0AC0      	INCF       ___DoICPAddr, 1
;__Lib_System.c,145 :: 		
0x0109	0x1903      	BTFSC      STATUS, 2
;__Lib_System.c,146 :: 		
0x010A	0x0AC1      	INCF       ___DoICPAddr+1, 1
;__Lib_System.c,147 :: 		
0x010B	0x03F0      	DECF       R0, 1
;__Lib_System.c,149 :: 		
0x010C	0x1D03      	BTFSS      STATUS, 2
;__Lib_System.c,150 :: 		
0x010D	0x2903      	GOTO       _CC2D_Loop1
;__Lib_System.c,152 :: 		
L_end___CC2DW:
0x010E	0x0008      	RETURN
; end of ___CC2DW
_Lcd_Out:
;__Lib_Lcd.c,184 :: 		
;__Lib_Lcd.c,187 :: 		
0x010F	0x2921      	GOTO       L_Lcd_Out11
;__Lib_Lcd.c,188 :: 		
L_Lcd_Out13:
0x0110	0x3080      	MOVLW      128
0x0111	0x1283      	BCF        STATUS, 5
0x0112	0x1303      	BCF        STATUS, 6
0x0113	0x00CA      	MOVWF      FARG_Lcd_Out_row
0x0114	0x2934      	GOTO       L_Lcd_Out12
;__Lib_Lcd.c,189 :: 		
L_Lcd_Out14:
0x0115	0x30C0      	MOVLW      192
0x0116	0x00CA      	MOVWF      FARG_Lcd_Out_row
0x0117	0x2934      	GOTO       L_Lcd_Out12
;__Lib_Lcd.c,190 :: 		
L_Lcd_Out15:
0x0118	0x3094      	MOVLW      148
0x0119	0x00CA      	MOVWF      FARG_Lcd_Out_row
0x011A	0x2934      	GOTO       L_Lcd_Out12
;__Lib_Lcd.c,191 :: 		
L_Lcd_Out16:
0x011B	0x30D4      	MOVLW      212
0x011C	0x00CA      	MOVWF      FARG_Lcd_Out_row
0x011D	0x2934      	GOTO       L_Lcd_Out12
;__Lib_Lcd.c,192 :: 		
L_Lcd_Out17:
0x011E	0x3080      	MOVLW      128
0x011F	0x00CA      	MOVWF      FARG_Lcd_Out_row
;__Lib_Lcd.c,193 :: 		
0x0120	0x2934      	GOTO       L_Lcd_Out12
L_Lcd_Out11:
0x0121	0x1283      	BCF        STATUS, 5
0x0122	0x1303      	BCF        STATUS, 6
0x0123	0x084A      	MOVF       FARG_Lcd_Out_row, 0
0x0124	0x3A01      	XORLW      1
0x0125	0x1903      	BTFSC      STATUS, 2
0x0126	0x2910      	GOTO       L_Lcd_Out13
0x0127	0x084A      	MOVF       FARG_Lcd_Out_row, 0
0x0128	0x3A02      	XORLW      2
0x0129	0x1903      	BTFSC      STATUS, 2
0x012A	0x2915      	GOTO       L_Lcd_Out14
0x012B	0x084A      	MOVF       FARG_Lcd_Out_row, 0
0x012C	0x3A03      	XORLW      3
0x012D	0x1903      	BTFSC      STATUS, 2
0x012E	0x2918      	GOTO       L_Lcd_Out15
0x012F	0x084A      	MOVF       FARG_Lcd_Out_row, 0
0x0130	0x3A04      	XORLW      4
0x0131	0x1903      	BTFSC      STATUS, 2
0x0132	0x291B      	GOTO       L_Lcd_Out16
0x0133	0x291E      	GOTO       L_Lcd_Out17
L_Lcd_Out12:
;__Lib_Lcd.c,194 :: 		
0x0134	0x034B      	DECF       FARG_Lcd_Out_column, 0
0x0135	0x00F0      	MOVWF      R0
0x0136	0x084A      	MOVF       FARG_Lcd_Out_row, 0
0x0137	0x07F0      	ADDWF      R0, 1
0x0138	0x0870      	MOVF       R0, 0
0x0139	0x00CA      	MOVWF      FARG_Lcd_Out_row
;__Lib_Lcd.c,196 :: 		
0x013A	0x0870      	MOVF       R0, 0
0x013B	0x00CF      	MOVWF      FARG_Lcd_Cmd_out_char
0x013C	0x201A      	CALL       _Lcd_Cmd
;__Lib_Lcd.c,197 :: 		
0x013D	0x1044      	BCF        __Lib_Lcd_cmd_status, BitPos(__Lib_Lcd_cmd_status+0)
;__Lib_Lcd.c,198 :: 		
0x013E	0x01CD      	CLRF       Lcd_Out_i_L0
;__Lib_Lcd.c,199 :: 		
L_Lcd_Out18:
0x013F	0x084D      	MOVF       Lcd_Out_i_L0, 0
0x0140	0x074C      	ADDWF      FARG_Lcd_Out_text, 0
0x0141	0x0084      	MOVWF      FSR
0x0142	0x0800      	MOVF       INDF, 0
0x0143	0x1903      	BTFSC      STATUS, 2
0x0144	0x294D      	GOTO       L_Lcd_Out19
;__Lib_Lcd.c,200 :: 		
0x0145	0x084D      	MOVF       Lcd_Out_i_L0, 0
0x0146	0x074C      	ADDWF      FARG_Lcd_Out_text, 0
0x0147	0x0084      	MOVWF      FSR
0x0148	0x0800      	MOVF       INDF, 0
0x0149	0x00CE      	MOVWF      FARG_Lcd_Chr_CP_out_char
0x014A	0x2061      	CALL       _Lcd_Chr_CP
0x014B	0x0ACD      	INCF       Lcd_Out_i_L0, 1
0x014C	0x293F      	GOTO       L_Lcd_Out18
L_Lcd_Out19:
;__Lib_Lcd.c,201 :: 		
0x014D	0x1444      	BSF        __Lib_Lcd_cmd_status, BitPos(__Lib_Lcd_cmd_status+0)
;__Lib_Lcd.c,202 :: 		
L_end_Lcd_Out:
0x014E	0x0008      	RETURN
; end of _Lcd_Out
_Lcd_Out_CP:
;__Lib_Lcd.c,57 :: 		
;__Lib_Lcd.c,58 :: 		
0x014F	0x1283      	BCF        STATUS, 5
0x0150	0x1303      	BCF        STATUS, 6
0x0151	0x01CB      	CLRF       Lcd_Out_CP_i_L0
;__Lib_Lcd.c,60 :: 		
L_Lcd_Out_CP2:
0x0152	0x084B      	MOVF       Lcd_Out_CP_i_L0, 0
0x0153	0x074A      	ADDWF      FARG_Lcd_Out_CP_text, 0
0x0154	0x0084      	MOVWF      FSR
0x0155	0x0800      	MOVF       INDF, 0
0x0156	0x1903      	BTFSC      STATUS, 2
0x0157	0x2960      	GOTO       L_Lcd_Out_CP3
;__Lib_Lcd.c,61 :: 		
0x0158	0x084B      	MOVF       Lcd_Out_CP_i_L0, 0
0x0159	0x074A      	ADDWF      FARG_Lcd_Out_CP_text, 0
0x015A	0x0084      	MOVWF      FSR
0x015B	0x0800      	MOVF       INDF, 0
0x015C	0x00CE      	MOVWF      FARG_Lcd_Chr_CP_out_char
0x015D	0x2061      	CALL       _Lcd_Chr_CP
0x015E	0x0ACB      	INCF       Lcd_Out_CP_i_L0, 1
;__Lib_Lcd.c,62 :: 		
0x015F	0x2952      	GOTO       L_Lcd_Out_CP2
L_Lcd_Out_CP3:
;__Lib_Lcd.c,63 :: 		
L_end_Lcd_Out_CP:
0x0160	0x0008      	RETURN
; end of _Lcd_Out_CP
_Lcd_Init:
;__Lib_Lcd.c,84 :: 		
;__Lib_Lcd.c,86 :: 		
0x0161	0x1683      	BSF        STATUS, 5
0x0162	0x1303      	BCF        STATUS, 6
0x0163	0x1086      	BCF        LCD_EN_Direction, BitPos(LCD_EN_Direction+0)
;__Lib_Lcd.c,87 :: 		
0x0164	0x1006      	BCF        LCD_RS_Direction, BitPos(LCD_RS_Direction+0)
;__Lib_Lcd.c,88 :: 		
0x0165	0x1206      	BCF        LCD_D4_Direction, BitPos(LCD_D4_Direction+0)
;__Lib_Lcd.c,89 :: 		
0x0166	0x1286      	BCF        LCD_D5_Direction, BitPos(LCD_D5_Direction+0)
;__Lib_Lcd.c,90 :: 		
0x0167	0x1306      	BCF        LCD_D6_Direction, BitPos(LCD_D6_Direction+0)
;__Lib_Lcd.c,91 :: 		
0x0168	0x1386      	BCF        LCD_D7_Direction, BitPos(LCD_D7_Direction+0)
;__Lib_Lcd.c,93 :: 		
0x0169	0x1283      	BCF        STATUS, 5
0x016A	0x1086      	BCF        LCD_EN, BitPos(LCD_EN+0)
;__Lib_Lcd.c,94 :: 		
0x016B	0x1006      	BCF        LCD_RS, BitPos(LCD_RS+0)
;__Lib_Lcd.c,95 :: 		
0x016C	0x1386      	BCF        LCD_D7, BitPos(LCD_D7+0)
;__Lib_Lcd.c,96 :: 		
0x016D	0x1306      	BCF        LCD_D6, BitPos(LCD_D6+0)
;__Lib_Lcd.c,97 :: 		
0x016E	0x1286      	BCF        LCD_D5, BitPos(LCD_D5+0)
;__Lib_Lcd.c,98 :: 		
0x016F	0x1206      	BCF        LCD_D4, BitPos(LCD_D4+0)
;__Lib_Lcd.c,100 :: 		
0x0170	0x2006      	CALL       _Delay_5500us
;__Lib_Lcd.c,101 :: 		
0x0171	0x2006      	CALL       _Delay_5500us
;__Lib_Lcd.c,102 :: 		
0x0172	0x2006      	CALL       _Delay_5500us
;__Lib_Lcd.c,105 :: 		
0x0173	0x1686      	BSF        LCD_D5, BitPos(LCD_D5+0)
;__Lib_Lcd.c,106 :: 		
0x0174	0x1606      	BSF        LCD_D4, BitPos(LCD_D4+0)
;__Lib_Lcd.c,107 :: 		
0x0175	0x1486      	BSF        LCD_EN, BitPos(LCD_EN+0)
;__Lib_Lcd.c,108 :: 		
0x0176	0x2003      	CALL       _Delay_1us
;__Lib_Lcd.c,109 :: 		
0x0177	0x1086      	BCF        LCD_EN, BitPos(LCD_EN+0)
;__Lib_Lcd.c,110 :: 		
0x0178	0x2006      	CALL       _Delay_5500us
;__Lib_Lcd.c,112 :: 		
0x0179	0x1486      	BSF        LCD_EN, BitPos(LCD_EN+0)
;__Lib_Lcd.c,113 :: 		
0x017A	0x2003      	CALL       _Delay_1us
;__Lib_Lcd.c,114 :: 		
0x017B	0x1086      	BCF        LCD_EN, BitPos(LCD_EN+0)
;__Lib_Lcd.c,115 :: 		
0x017C	0x2006      	CALL       _Delay_5500us
;__Lib_Lcd.c,117 :: 		
0x017D	0x1486      	BSF        LCD_EN, BitPos(LCD_EN+0)
;__Lib_Lcd.c,118 :: 		
0x017E	0x2003      	CALL       _Delay_1us
;__Lib_Lcd.c,119 :: 		
0x017F	0x1086      	BCF        LCD_EN, BitPos(LCD_EN+0)
;__Lib_Lcd.c,120 :: 		
0x0180	0x2006      	CALL       _Delay_5500us
;__Lib_Lcd.c,123 :: 		
0x0181	0x1206      	BCF        LCD_D4, BitPos(LCD_D4+0)
;__Lib_Lcd.c,124 :: 		
0x0182	0x1486      	BSF        LCD_EN, BitPos(LCD_EN+0)
;__Lib_Lcd.c,125 :: 		
0x0183	0x2003      	CALL       _Delay_1us
;__Lib_Lcd.c,126 :: 		
0x0184	0x1086      	BCF        LCD_EN, BitPos(LCD_EN+0)
;__Lib_Lcd.c,127 :: 		
0x0185	0x2006      	CALL       _Delay_5500us
;__Lib_Lcd.c,130 :: 		
0x0186	0x1486      	BSF        LCD_EN, BitPos(LCD_EN+0)
;__Lib_Lcd.c,131 :: 		
0x0187	0x2003      	CALL       _Delay_1us
;__Lib_Lcd.c,132 :: 		
0x0188	0x1086      	BCF        LCD_EN, BitPos(LCD_EN+0)
;__Lib_Lcd.c,134 :: 		
0x0189	0x1286      	BCF        LCD_D5, BitPos(LCD_D5+0)
;__Lib_Lcd.c,135 :: 		
0x018A	0x1786      	BSF        LCD_D7, BitPos(LCD_D7+0)
;__Lib_Lcd.c,136 :: 		
0x018B	0x1486      	BSF        LCD_EN, BitPos(LCD_EN+0)
;__Lib_Lcd.c,137 :: 		
0x018C	0x2003      	CALL       _Delay_1us
;__Lib_Lcd.c,138 :: 		
0x018D	0x1086      	BCF        LCD_EN, BitPos(LCD_EN+0)
;__Lib_Lcd.c,139 :: 		
0x018E	0x2006      	CALL       _Delay_5500us
;__Lib_Lcd.c,142 :: 		
0x018F	0x1386      	BCF        LCD_D7, BitPos(LCD_D7+0)
;__Lib_Lcd.c,143 :: 		
0x0190	0x1606      	BSF        LCD_D4, BitPos(LCD_D4+0)
;__Lib_Lcd.c,144 :: 		
0x0191	0x1486      	BSF        LCD_EN, BitPos(LCD_EN+0)
;__Lib_Lcd.c,145 :: 		
0x0192	0x2003      	CALL       _Delay_1us
;__Lib_Lcd.c,146 :: 		
0x0193	0x1086      	BCF        LCD_EN, BitPos(LCD_EN+0)
;__Lib_Lcd.c,148 :: 		
0x0194	0x1206      	BCF        LCD_D4, BitPos(LCD_D4+0)
;__Lib_Lcd.c,149 :: 		
0x0195	0x1486      	BSF        LCD_EN, BitPos(LCD_EN+0)
;__Lib_Lcd.c,150 :: 		
0x0196	0x2003      	CALL       _Delay_1us
;__Lib_Lcd.c,151 :: 		
0x0197	0x1086      	BCF        LCD_EN, BitPos(LCD_EN+0)
;__Lib_Lcd.c,152 :: 		
0x0198	0x2006      	CALL       _Delay_5500us
;__Lib_Lcd.c,155 :: 		
0x0199	0x1486      	BSF        LCD_EN, BitPos(LCD_EN+0)
;__Lib_Lcd.c,156 :: 		
0x019A	0x2003      	CALL       _Delay_1us
;__Lib_Lcd.c,157 :: 		
0x019B	0x1086      	BCF        LCD_EN, BitPos(LCD_EN+0)
;__Lib_Lcd.c,159 :: 		
0x019C	0x1606      	BSF        LCD_D4, BitPos(LCD_D4+0)
;__Lib_Lcd.c,160 :: 		
0x019D	0x1486      	BSF        LCD_EN, BitPos(LCD_EN+0)
;__Lib_Lcd.c,161 :: 		
0x019E	0x2003      	CALL       _Delay_1us
;__Lib_Lcd.c,162 :: 		
0x019F	0x1086      	BCF        LCD_EN, BitPos(LCD_EN+0)
;__Lib_Lcd.c,163 :: 		
0x01A0	0x2006      	CALL       _Delay_5500us
;__Lib_Lcd.c,166 :: 		
0x01A1	0x1206      	BCF        LCD_D4, BitPos(LCD_D4+0)
;__Lib_Lcd.c,167 :: 		
0x01A2	0x1486      	BSF        LCD_EN, BitPos(LCD_EN+0)
;__Lib_Lcd.c,168 :: 		
0x01A3	0x2003      	CALL       _Delay_1us
;__Lib_Lcd.c,169 :: 		
0x01A4	0x1086      	BCF        LCD_EN, BitPos(LCD_EN+0)
;__Lib_Lcd.c,171 :: 		
0x01A5	0x1786      	BSF        LCD_D7, BitPos(LCD_D7+0)
;__Lib_Lcd.c,172 :: 		
0x01A6	0x1706      	BSF        LCD_D6, BitPos(LCD_D6+0)
;__Lib_Lcd.c,173 :: 		
0x01A7	0x1686      	BSF        LCD_D5, BitPos(LCD_D5+0)
;__Lib_Lcd.c,174 :: 		
0x01A8	0x1606      	BSF        LCD_D4, BitPos(LCD_D4+0)
;__Lib_Lcd.c,175 :: 		
0x01A9	0x1486      	BSF        LCD_EN, BitPos(LCD_EN+0)
;__Lib_Lcd.c,176 :: 		
0x01AA	0x2003      	CALL       _Delay_1us
;__Lib_Lcd.c,177 :: 		
0x01AB	0x1086      	BCF        LCD_EN, BitPos(LCD_EN+0)
;__Lib_Lcd.c,179 :: 		
0x01AC	0x2006      	CALL       _Delay_5500us
;__Lib_Lcd.c,181 :: 		
0x01AD	0x1444      	BSF        __Lib_Lcd_cmd_status, BitPos(__Lib_Lcd_cmd_status+0)
;__Lib_Lcd.c,182 :: 		
L_end_Lcd_Init:
0x01AE	0x0008      	RETURN
; end of _Lcd_Init
_StartSignal:
;Final_Project.c,26 :: 		void StartSignal()
;Final_Project.c,28 :: 		TRISA.F5 = 0;
0x01AF	0x1683      	BSF        STATUS, 5
0x01B0	0x1303      	BCF        STATUS, 6
0x01B1	0x1285      	BCF        TRISA, 5
;Final_Project.c,29 :: 		DataDHT = 0;
0x01B2	0x1283      	BCF        STATUS, 5
0x01B3	0x1285      	BCF        PORTA, 5
;Final_Project.c,30 :: 		delay_ms(18);
0x01B4	0x302F      	MOVLW      47
0x01B5	0x00FC      	MOVWF      R12
0x01B6	0x30BF      	MOVLW      191
0x01B7	0x00FD      	MOVWF      R13
L_StartSignal0:
0x01B8	0x0BFD      	DECFSZ     R13, 1
0x01B9	0x29B8      	GOTO       L_StartSignal0
0x01BA	0x0BFC      	DECFSZ     R12, 1
0x01BB	0x29B8      	GOTO       L_StartSignal0
0x01BC	0x0000      	NOP
0x01BD	0x0000      	NOP
;Final_Project.c,31 :: 		DataDHT = 1;
0x01BE	0x1685      	BSF        PORTA, 5
;Final_Project.c,32 :: 		delay_us(30);
0x01BF	0x3013      	MOVLW      19
0x01C0	0x00FD      	MOVWF      R13
L_StartSignal1:
0x01C1	0x0BFD      	DECFSZ     R13, 1
0x01C2	0x29C1      	GOTO       L_StartSignal1
0x01C3	0x0000      	NOP
0x01C4	0x0000      	NOP
;Final_Project.c,33 :: 		TRISA.F5 = 1;
0x01C5	0x1683      	BSF        STATUS, 5
0x01C6	0x1685      	BSF        TRISA, 5
;Final_Project.c,34 :: 		}
L_end_StartSignal:
0x01C7	0x0008      	RETURN
; end of _StartSignal
_main:
0x01C8	0x3048      	MOVLW      72
0x01C9	0x1283      	BCF        STATUS, 5
0x01CA	0x1303      	BCF        STATUS, 6
0x01CB	0x00A0      	MOVWF      ?lstr3_Final_Project
0x01CC	0x3052      	MOVLW      82
0x01CD	0x00A1      	MOVWF      33
0x01CE	0x303D      	MOVLW      61
0x01CF	0x00A2      	MOVWF      34
0x01D0	0x3020      	MOVLW      32
0x01D1	0x00A3      	MOVWF      35
0x01D2	0x01A4      	CLRF       36
0x01D3	0x3020      	MOVLW      32
0x01D4	0x00A5      	MOVWF      ?lstr4_Final_Project
0x01D5	0x3025      	MOVLW      37
0x01D6	0x00A6      	MOVWF      38
0x01D7	0x01A7      	CLRF       39
0x01D8	0x3054      	MOVLW      84
0x01D9	0x00A8      	MOVWF      ?lstr1_Final_Project
0x01DA	0x3045      	MOVLW      69
0x01DB	0x00A9      	MOVWF      41
0x01DC	0x304D      	MOVLW      77
0x01DD	0x00AA      	MOVWF      42
0x01DE	0x3050      	MOVLW      80
0x01DF	0x00AB      	MOVWF      43
0x01E0	0x303D      	MOVLW      61
0x01E1	0x00AC      	MOVWF      44
0x01E2	0x3020      	MOVLW      32
0x01E3	0x00AD      	MOVWF      45
0x01E4	0x01AE      	CLRF       46
0x01E5	0x3020      	MOVLW      32
0x01E6	0x00AF      	MOVWF      ?lstr2_Final_Project
0x01E7	0x306F      	MOVLW      111
0x01E8	0x00B0      	MOVWF      48
0x01E9	0x3043      	MOVLW      67
0x01EA	0x00B1      	MOVWF      49
0x01EB	0x01B2      	CLRF       50
0x01EC	0x3065      	MOVLW      101
0x01ED	0x00B3      	MOVWF      ?lstr5_Final_Project
0x01EE	0x3072      	MOVLW      114
0x01EF	0x00B4      	MOVWF      52
0x01F0	0x3072      	MOVLW      114
0x01F1	0x00B5      	MOVWF      53
0x01F2	0x306F      	MOVLW      111
0x01F3	0x00B6      	MOVWF      54
0x01F4	0x3072      	MOVLW      114
0x01F5	0x00B7      	MOVWF      55
0x01F6	0x01B8      	CLRF       56
0x01F7	0x01B9      	CLRF       _uniT
0x01F8	0x01BA      	CLRF       _uniHR
0x01F9	0x01BB      	CLRF       _decT
0x01FA	0x01BC      	CLRF       _decHR
;Final_Project.c,69 :: 		void main()
;Final_Project.c,71 :: 		ADCON1=0x06;
0x01FB	0x3006      	MOVLW      6
0x01FC	0x1683      	BSF        STATUS, 5
0x01FD	0x009F      	MOVWF      ADCON1
;Final_Project.c,72 :: 		Lcd_Init();
0x01FE	0x2161      	CALL       _Lcd_Init
;Final_Project.c,73 :: 		Lcd_Cmd(_LCD_CLEAR);
0x01FF	0x3001      	MOVLW      1
0x0200	0x00CF      	MOVWF      FARG_Lcd_Cmd_out_char
0x0201	0x201A      	CALL       _Lcd_Cmd
;Final_Project.c,74 :: 		Lcd_Cmd(_LCD_CURSOR_OFF);
0x0202	0x300C      	MOVLW      12
0x0203	0x00CF      	MOVWF      FARG_Lcd_Cmd_out_char
0x0204	0x201A      	CALL       _Lcd_Cmd
;Final_Project.c,77 :: 		while(1)
L_main17:
;Final_Project.c,79 :: 		StartSignal();
0x0205	0x21AF      	CALL       _StartSignal
;Final_Project.c,80 :: 		CheckResponse();
0x0206	0x207A      	CALL       _CheckResponse
;Final_Project.c,81 :: 		if(Check == 1)
0x0207	0x083D      	MOVF       _Check, 0
0x0208	0x3A01      	XORLW      1
0x0209	0x1D03      	BTFSS      STATUS, 2
0x020A	0x2A9B      	GOTO       L_main19
;Final_Project.c,83 :: 		RH_byte1 = ReadData();
0x020B	0x20C7      	CALL       _ReadData
0x020C	0x0870      	MOVF       R0, 0
0x020D	0x00C5      	MOVWF      _RH_byte1
;Final_Project.c,84 :: 		RH_byte2 = ReadData();
0x020E	0x20C7      	CALL       _ReadData
0x020F	0x0870      	MOVF       R0, 0
0x0210	0x00C6      	MOVWF      _RH_byte2
;Final_Project.c,85 :: 		T_byte1 = ReadData();
0x0211	0x20C7      	CALL       _ReadData
0x0212	0x0870      	MOVF       R0, 0
0x0213	0x00BF      	MOVWF      _T_byte1
;Final_Project.c,86 :: 		T_byte2 = ReadData();
0x0214	0x20C7      	CALL       _ReadData
0x0215	0x0870      	MOVF       R0, 0
0x0216	0x00BE      	MOVWF      _T_byte2
;Final_Project.c,87 :: 		Sum = ReadData();
0x0217	0x20C7      	CALL       _ReadData
0x0218	0x0870      	MOVF       R0, 0
0x0219	0x00C2      	MOVWF      _Sum
0x021A	0x01C3      	CLRF       _Sum+1
;Final_Project.c,89 :: 		if(Sum == ((RH_byte1+RH_byte2+T_byte1+T_byte2) & 0XFF))
0x021B	0x0846      	MOVF       _RH_byte2, 0
0x021C	0x0745      	ADDWF      _RH_byte1, 0
0x021D	0x00F0      	MOVWF      R0
0x021E	0x01F1      	CLRF       R0+1
0x021F	0x1803      	BTFSC      STATUS, 0
0x0220	0x0AF1      	INCF       R0+1, 1
0x0221	0x083F      	MOVF       _T_byte1, 0
0x0222	0x07F0      	ADDWF      R0, 1
0x0223	0x1803      	BTFSC      STATUS, 0
0x0224	0x0AF1      	INCF       R0+1, 1
0x0225	0x083E      	MOVF       _T_byte2, 0
0x0226	0x07F0      	ADDWF      R0, 1
0x0227	0x1803      	BTFSC      STATUS, 0
0x0228	0x0AF1      	INCF       R0+1, 1
0x0229	0x30FF      	MOVLW      255
0x022A	0x0570      	ANDWF      R0, 0
0x022B	0x00F2      	MOVWF      R2
0x022C	0x0871      	MOVF       R0+1, 0
0x022D	0x00F3      	MOVWF      R2+1
0x022E	0x3000      	MOVLW      0
0x022F	0x05F3      	ANDWF      R2+1, 1
0x0230	0x0843      	MOVF       _Sum+1, 0
0x0231	0x0673      	XORWF      R2+1, 0
0x0232	0x1D03      	BTFSS      STATUS, 2
0x0233	0x2A36      	GOTO       L__main31
0x0234	0x0872      	MOVF       R2, 0
0x0235	0x0642      	XORWF      _Sum, 0
L__main31:
0x0236	0x1D03      	BTFSS      STATUS, 2
0x0237	0x2A9A      	GOTO       L_main20
;Final_Project.c,91 :: 		decHR=RH_byte1/10;
0x0238	0x300A      	MOVLW      10
0x0239	0x00F4      	MOVWF      R4
0x023A	0x0845      	MOVF       _RH_byte1, 0
0x023B	0x00F0      	MOVWF      R0
0x023C	0x2069      	CALL       _Div_8X8_U
0x023D	0x0870      	MOVF       R0, 0
0x023E	0x00C9      	MOVWF      FLOC__main+2
0x023F	0x0849      	MOVF       FLOC__main+2, 0
0x0240	0x00BC      	MOVWF      _decHR
;Final_Project.c,92 :: 		uniHR=RH_byte1%10;
0x0241	0x300A      	MOVLW      10
0x0242	0x00F4      	MOVWF      R4
0x0243	0x0845      	MOVF       _RH_byte1, 0
0x0244	0x00F0      	MOVWF      R0
0x0245	0x2069      	CALL       _Div_8X8_U
0x0246	0x0878      	MOVF       R8, 0
0x0247	0x00F0      	MOVWF      R0
0x0248	0x0870      	MOVF       R0, 0
0x0249	0x00C8      	MOVWF      FLOC__main+1
0x024A	0x0848      	MOVF       FLOC__main+1, 0
0x024B	0x00BA      	MOVWF      _uniHR
;Final_Project.c,93 :: 		decT=T_byte1/10;
0x024C	0x300A      	MOVLW      10
0x024D	0x00F4      	MOVWF      R4
0x024E	0x083F      	MOVF       _T_byte1, 0
0x024F	0x00F0      	MOVWF      R0
0x0250	0x2069      	CALL       _Div_8X8_U
0x0251	0x0870      	MOVF       R0, 0
0x0252	0x00C7      	MOVWF      FLOC__main
0x0253	0x0847      	MOVF       FLOC__main, 0
0x0254	0x00BB      	MOVWF      _decT
;Final_Project.c,94 :: 		uniT=T_byte1%10;
0x0255	0x300A      	MOVLW      10
0x0256	0x00F4      	MOVWF      R4
0x0257	0x083F      	MOVF       _T_byte1, 0
0x0258	0x00F0      	MOVWF      R0
0x0259	0x2069      	CALL       _Div_8X8_U
0x025A	0x0878      	MOVF       R8, 0
0x025B	0x00F0      	MOVWF      R0
0x025C	0x0870      	MOVF       R0, 0
0x025D	0x00B9      	MOVWF      _uniT
;Final_Project.c,96 :: 		decHR=decHR+0x30;
0x025E	0x3030      	MOVLW      48
0x025F	0x0749      	ADDWF      FLOC__main+2, 0
0x0260	0x00BC      	MOVWF      _decHR
;Final_Project.c,97 :: 		uniHR=uniHR+0x30;
0x0261	0x3030      	MOVLW      48
0x0262	0x0748      	ADDWF      FLOC__main+1, 0
0x0263	0x00BA      	MOVWF      _uniHR
;Final_Project.c,98 :: 		decT=decT+0x30;
0x0264	0x3030      	MOVLW      48
0x0265	0x0747      	ADDWF      FLOC__main, 0
0x0266	0x00BB      	MOVWF      _decT
;Final_Project.c,99 :: 		uniT=uniT+0x30;
0x0267	0x3030      	MOVLW      48
0x0268	0x0770      	ADDWF      R0, 0
0x0269	0x00B9      	MOVWF      _uniT
;Final_Project.c,101 :: 		Lcd_Out(1,1, "TEMP= ");
0x026A	0x3001      	MOVLW      1
0x026B	0x00CA      	MOVWF      FARG_Lcd_Out_row
0x026C	0x3001      	MOVLW      1
0x026D	0x00CB      	MOVWF      FARG_Lcd_Out_column
0x026E	0x3028      	MOVLW      ?lstr1_Final_Project
0x026F	0x00CC      	MOVWF      FARG_Lcd_Out_text
0x0270	0x210F      	CALL       _Lcd_Out
;Final_Project.c,102 :: 		Lcd_Chr(1,7, decT);
0x0271	0x3001      	MOVLW      1
0x0272	0x00CA      	MOVWF      FARG_Lcd_Chr_row
0x0273	0x3007      	MOVLW      7
0x0274	0x00CB      	MOVWF      FARG_Lcd_Chr_column
0x0275	0x083B      	MOVF       _decT, 0
0x0276	0x00CC      	MOVWF      FARG_Lcd_Chr_out_char
0x0277	0x2092      	CALL       _Lcd_Chr
;Final_Project.c,103 :: 		Lcd_Chr(1,8, uniT);
0x0278	0x3001      	MOVLW      1
0x0279	0x00CA      	MOVWF      FARG_Lcd_Chr_row
0x027A	0x3008      	MOVLW      8
0x027B	0x00CB      	MOVWF      FARG_Lcd_Chr_column
0x027C	0x0839      	MOVF       _uniT, 0
0x027D	0x00CC      	MOVWF      FARG_Lcd_Chr_out_char
0x027E	0x2092      	CALL       _Lcd_Chr
;Final_Project.c,104 :: 		Lcd_Out_Cp(" oC");
0x027F	0x302F      	MOVLW      ?lstr2_Final_Project
0x0280	0x00CA      	MOVWF      FARG_Lcd_Out_CP_text
0x0281	0x214F      	CALL       _Lcd_Out_CP
;Final_Project.c,106 :: 		Lcd_Out(2,1, "HR= ");
0x0282	0x3002      	MOVLW      2
0x0283	0x00CA      	MOVWF      FARG_Lcd_Out_row
0x0284	0x3001      	MOVLW      1
0x0285	0x00CB      	MOVWF      FARG_Lcd_Out_column
0x0286	0x3020      	MOVLW      ?lstr3_Final_Project
0x0287	0x00CC      	MOVWF      FARG_Lcd_Out_text
0x0288	0x210F      	CALL       _Lcd_Out
;Final_Project.c,107 :: 		Lcd_Chr(2,7, decHR);
0x0289	0x3002      	MOVLW      2
0x028A	0x00CA      	MOVWF      FARG_Lcd_Chr_row
0x028B	0x3007      	MOVLW      7
0x028C	0x00CB      	MOVWF      FARG_Lcd_Chr_column
0x028D	0x083C      	MOVF       _decHR, 0
0x028E	0x00CC      	MOVWF      FARG_Lcd_Chr_out_char
0x028F	0x2092      	CALL       _Lcd_Chr
;Final_Project.c,108 :: 		Lcd_Chr(2,8, uniHR);
0x0290	0x3002      	MOVLW      2
0x0291	0x00CA      	MOVWF      FARG_Lcd_Chr_row
0x0292	0x3008      	MOVLW      8
0x0293	0x00CB      	MOVWF      FARG_Lcd_Chr_column
0x0294	0x083A      	MOVF       _uniHR, 0
0x0295	0x00CC      	MOVWF      FARG_Lcd_Chr_out_char
0x0296	0x2092      	CALL       _Lcd_Chr
;Final_Project.c,109 :: 		Lcd_Out_Cp(" %");
0x0297	0x3025      	MOVLW      ?lstr4_Final_Project
0x0298	0x00CA      	MOVWF      FARG_Lcd_Out_CP_text
0x0299	0x214F      	CALL       _Lcd_Out_CP
;Final_Project.c,111 :: 		}
L_main20:
;Final_Project.c,112 :: 		}
0x029A	0x2AA5      	GOTO       L_main21
L_main19:
;Final_Project.c,115 :: 		Lcd_Cmd(_LCD_CLEAR);
0x029B	0x3001      	MOVLW      1
0x029C	0x00CF      	MOVWF      FARG_Lcd_Cmd_out_char
0x029D	0x201A      	CALL       _Lcd_Cmd
;Final_Project.c,116 :: 		Lcd_Out(1, 1, "error");
0x029E	0x3001      	MOVLW      1
0x029F	0x00CA      	MOVWF      FARG_Lcd_Out_row
0x02A0	0x3001      	MOVLW      1
0x02A1	0x00CB      	MOVWF      FARG_Lcd_Out_column
0x02A2	0x3033      	MOVLW      ?lstr5_Final_Project
0x02A3	0x00CC      	MOVWF      FARG_Lcd_Out_text
0x02A4	0x210F      	CALL       _Lcd_Out
;Final_Project.c,117 :: 		}
L_main21:
;Final_Project.c,119 :: 		delay_ms(1000);
0x02A5	0x300B      	MOVLW      11
0x02A6	0x00FB      	MOVWF      R11
0x02A7	0x3026      	MOVLW      38
0x02A8	0x00FC      	MOVWF      R12
0x02A9	0x305D      	MOVLW      93
0x02AA	0x00FD      	MOVWF      R13
L_main22:
0x02AB	0x0BFD      	DECFSZ     R13, 1
0x02AC	0x2AAB      	GOTO       L_main22
0x02AD	0x0BFC      	DECFSZ     R12, 1
0x02AE	0x2AAB      	GOTO       L_main22
0x02AF	0x0BFB      	DECFSZ     R11, 1
0x02B0	0x2AAB      	GOTO       L_main22
0x02B1	0x0000      	NOP
0x02B2	0x0000      	NOP
;Final_Project.c,120 :: 		}
0x02B3	0x2A05      	GOTO       L_main17
;Final_Project.c,123 :: 		}
L_end_main:
0x02B4	0x2AB4      	GOTO       $+0
; end of _main
Symbol List:
//** Routines locations **
//ADDRESS    SIZE    PROCEDURE
//----------------------------------------------
0x0003       [3]    _Delay_1us
0x0006      [13]    _Delay_5500us
0x0013       [7]    _Delay_50us
0x001A      [64]    _Lcd_Cmd
0x005A       [7]    _____DoICP
0x0061       [8]    _Lcd_Chr_CP
0x0069      [17]    _Div_8X8_U
0x007A      [24]    _CheckResponse
0x0092      [53]    _Lcd_Chr
0x00C7      [60]    _ReadData
0x0103      [12]    ___CC2DW
0x010F      [64]    _Lcd_Out
0x014F      [18]    _Lcd_Out_CP
0x0161      [78]    _Lcd_Init
0x01AF      [25]    _StartSignal
0x01C8     [237]    _main
//** Variables locations ** 
//ADDRESS    SIZE    VARIABLE
//----------------------------------------------
0x0000       [1]    INDF
0x0002       [1]    PCL
0x0003       [1]    STATUS
0x0004       [1]    FSR
0x0005       [1]    PORTA
0x0005       [0]    DataDHT
0x0006       [0]    RB1_bit
0x0006       [0]    LCD_EN
0x0006       [0]    LCD_D4
0x0006       [0]    RB4_bit
0x0006       [0]    LCD_RS
0x0006       [0]    RB7_bit
0x0006       [0]    RB6_bit
0x0006       [0]    RB5_bit
0x0006       [0]    RB0_bit
0x0006       [0]    LCD_D6
0x0006       [0]    LCD_D5
0x0006       [0]    LCD_D7
0x000A       [1]    PCLATH
0x0020       [5]    ?lstr3_Final_Project
0x0025       [3]    ?lstr4_Final_Project
0x0028       [7]    ?lstr1_Final_Project
0x002F       [4]    ?lstr2_Final_Project
0x0033       [6]    ?lstr5_Final_Project
0x0039       [1]    _uniT
0x003A       [1]    _uniHR
0x003B       [1]    _decT
0x003C       [1]    _decHR
0x003D       [1]    _Check
0x003E       [1]    _T_byte2
0x003F       [1]    _T_byte1
0x0040       [2]    ___DoICPAddr
0x0042       [2]    _Sum
0x0044       [0]    __Lib_Lcd_cmd_status
0x0045       [1]    _RH_byte1
0x0046       [1]    _RH_byte2
0x0047       [3]    FLOC__main
0x004A       [1]    FARG_Lcd_Chr_row
0x004A       [1]    FARG_Lcd_Out_CP_text
0x004A       [1]    FARG_Lcd_Out_row
0x004B       [1]    FARG_Lcd_Chr_column
0x004B       [1]    Lcd_Out_CP_i_L0
0x004B       [1]    FARG_Lcd_Out_column
0x004C       [1]    FARG_Lcd_Out_text
0x004C       [1]    FARG_Lcd_Chr_out_char
0x004D       [1]    Lcd_Out_i_L0
0x004E       [1]    FARG_Lcd_Chr_CP_out_char
0x004F       [1]    FARG_Lcd_Cmd_out_char
0x0070       [1]    R0
0x0071       [1]    R1
0x0072       [1]    R2
0x0073       [1]    R3
0x0074       [1]    R4
0x0075       [1]    R5
0x0076       [1]    R6
0x0077       [1]    R7
0x0078       [1]    R8
0x0079       [1]    R9
0x007A       [1]    R10
0x007B       [1]    R11
0x007C       [1]    R12
0x007D       [1]    R13
0x007E       [1]    R14
0x007F       [1]    R15
0x0085       [1]    TRISA
0x0086       [0]    TRISB0_bit
0x0086       [0]    LCD_D4_Direction
0x0086       [0]    TRISB7_bit
0x0086       [0]    LCD_EN_Direction
0x0086       [0]    LCD_RS_Direction
0x0086       [0]    TRISB6_bit
0x0086       [0]    LCD_D6_Direction
0x0086       [0]    LCD_D5_Direction
0x0086       [0]    TRISB5_bit
0x0086       [0]    TRISB4_bit
0x0086       [0]    TRISB1_bit
0x0086       [0]    LCD_D7_Direction
0x009F       [1]    ADCON1
